2023-06-29 09:19:23.784  INFO 10680 --- [restartedMain] j.io.hackerthon.SpringApiApplication     : Starting SpringApiApplication using Java 18.0.2.1 on DESKTOP-171AVQP with PID 10680 (C:\Users\Admin\Documents\hackerthon\hackerthon-service\target\classes started by Admin in C:\Users\Admin\Documents\hackerthon\hackerthon-service)
2023-06-29 09:19:23.794  INFO 10680 --- [restartedMain] j.io.hackerthon.SpringApiApplication     : No active profile set, falling back to 1 default profile: "default"
2023-06-29 09:19:23.896  INFO 10680 --- [restartedMain] .e.DevToolsPropertyDefaultsPostProcessor : Devtools property defaults active! Set 'spring.devtools.add-properties' to 'false' to disable
2023-06-29 09:19:23.896  INFO 10680 --- [restartedMain] .e.DevToolsPropertyDefaultsPostProcessor : For additional web related logging consider setting the 'logging.level.web' property to 'DEBUG'
2023-06-29 09:19:25.298  INFO 10680 --- [restartedMain] .s.d.r.c.RepositoryConfigurationDelegate : Bootstrapping Spring Data JPA repositories in DEFAULT mode.
2023-06-29 09:19:25.468  INFO 10680 --- [restartedMain] .s.d.r.c.RepositoryConfigurationDelegate : Finished Spring Data repository scanning in 151 ms. Found 12 JPA repository interfaces.
2023-06-29 09:19:26.749  INFO 10680 --- [restartedMain] o.s.b.w.embedded.tomcat.TomcatWebServer  : Tomcat initialized with port(s): 8820 (http)
2023-06-29 09:19:26.767  INFO 10680 --- [restartedMain] o.apache.catalina.core.StandardService   : Starting service [Tomcat]
2023-06-29 09:19:26.768  INFO 10680 --- [restartedMain] org.apache.catalina.core.StandardEngine  : Starting Servlet engine: [Apache Tomcat/9.0.71]
2023-06-29 09:19:26.895  INFO 10680 --- [restartedMain] o.a.c.c.C.[Tomcat].[localhost].[/]       : Initializing Spring embedded WebApplicationContext
2023-06-29 09:19:26.895  INFO 10680 --- [restartedMain] w.s.c.ServletWebServerApplicationContext : Root WebApplicationContext: initialization completed in 2998 ms
2023-06-29 09:19:27.281  INFO 10680 --- [restartedMain] com.zaxxer.hikari.HikariDataSource       : HikariPool-1 - Starting...
2023-06-29 09:19:27.738  INFO 10680 --- [restartedMain] com.zaxxer.hikari.HikariDataSource       : HikariPool-1 - Start completed.
2023-06-29 09:19:27.810  INFO 10680 --- [restartedMain] o.hibernate.jpa.internal.util.LogHelper  : HHH000204: Processing PersistenceUnitInfo [name: default]
2023-06-29 09:19:27.930  INFO 10680 --- [restartedMain] org.hibernate.Version                    : HHH000412: Hibernate ORM core version 5.6.15.Final
2023-06-29 09:19:28.242  INFO 10680 --- [restartedMain] o.hibernate.annotations.common.Version   : HCANN000001: Hibernate Commons Annotations {5.1.2.Final}
2023-06-29 09:19:28.403  INFO 10680 --- [restartedMain] org.hibernate.dialect.Dialect            : HHH000400: Using dialect: org.hibernate.dialect.MySQL8Dialect
2023-06-29 09:19:29.741  INFO 10680 --- [restartedMain] o.h.e.t.j.p.i.JtaPlatformInitiator       : HHH000490: Using JtaPlatform implementation: [org.hibernate.engine.transaction.jta.platform.internal.NoJtaPlatform]
2023-06-29 09:19:29.751  INFO 10680 --- [restartedMain] j.LocalContainerEntityManagerFactoryBean : Initialized JPA EntityManagerFactory for persistence unit 'default'
2023-06-29 09:19:31.531  INFO 10680 --- [restartedMain] o.s.s.web.DefaultSecurityFilterChain     : Will secure any request with [org.springframework.security.web.session.DisableEncodeUrlFilter@3a2d6c44, org.springframework.security.web.context.request.async.WebAsyncManagerIntegrationFilter@2b96953, org.springframework.security.web.context.SecurityContextPersistenceFilter@77ea563e, org.springframework.security.web.header.HeaderWriterFilter@37c23c3e, org.springframework.web.filter.CorsFilter@618ac479, org.springframework.security.web.authentication.logout.LogoutFilter@123371aa, org.springframework.security.web.savedrequest.RequestCacheAwareFilter@78c55aa6, org.springframework.security.web.servletapi.SecurityContextHolderAwareRequestFilter@54ca326a, org.springframework.security.web.authentication.AnonymousAuthenticationFilter@19c4a6e1, org.springframework.security.web.session.SessionManagementFilter@3b61cbd1, org.springframework.security.web.access.ExceptionTranslationFilter@102c3a94, org.springframework.security.web.access.intercept.FilterSecurityInterceptor@716bffb9]
2023-06-29 09:19:31.794  WARN 10680 --- [restartedMain] JpaBaseConfiguration$JpaWebConfiguration : spring.jpa.open-in-view is enabled by default. Therefore, database queries may be performed during view rendering. Explicitly configure spring.jpa.open-in-view to disable this warning
2023-06-29 09:19:33.166  INFO 10680 --- [restartedMain] o.s.b.d.a.OptionalLiveReloadServer       : LiveReload server is running on port 35729
2023-06-29 09:19:33.226  INFO 10680 --- [restartedMain] o.s.b.w.embedded.tomcat.TomcatWebServer  : Tomcat started on port(s): 8820 (http) with context path ''
2023-06-29 09:19:33.237  INFO 10680 --- [restartedMain] j.io.hackerthon.SpringApiApplication     : Started SpringApiApplication in 10.06 seconds (JVM running for 10.664)
2023-06-29 09:44:03.395  INFO 10680 --- [http-nio-8820-exec-1] o.a.c.c.C.[Tomcat].[localhost].[/]       : Initializing Spring DispatcherServlet 'dispatcherServlet'
2023-06-29 09:44:03.416  INFO 10680 --- [http-nio-8820-exec-1] o.s.web.servlet.DispatcherServlet        : Initializing Servlet 'dispatcherServlet'
2023-06-29 09:44:03.598  INFO 10680 --- [http-nio-8820-exec-1] o.s.web.servlet.DispatcherServlet        : Completed initialization in 182 ms
